Case #1: 3 4
Case #2: 0 4
Case #3: 1 2
Case #4: 3 8
Case #5: 3 12
Case #6: 15 16
Case #7: 193 432
Case #8: 100 180
Case #9: 131955 122400
Case #10: 0 8099820001
Case #11: 3 8099640007
Case #12: 1 6
Case #13: 6 33
Case #14: 3 40
Case #15: 3 28
Case #16: 0 48
Case #17: 1 43
Case #18: 1 37
Case #19: 8091278 538345392
Case #20: 1 999997000002
Case #21: 3 3999988
Case #22: 2809277 475327116
Case #23: 3381850 56077667800
Case #24: 3896518 83131495150
Case #25: 2226321 719013120
Case #26: 3691592 68614386816
Case #27: 1517330 30549911273
Case #28: 3911502 56363730192
Case #29: 2602909 48965096628
Case #30: 3396145 87572959808
Case #31: 1710645 25218656154
Case #32: 2090640 733033470
Case #33: 2004310 62127431640
Case #34: 3632221 107577582530
Case #35: 1837578 70999375000
Case #36: 2622329 122699674104
Case #37: 1778239 50274419881
Case #38: 1695802 59537274732
Case #39: 3003 17149
Case #40: 382375 4278724
Case #41: 191890 2047490
Case #42: 0 1605878
Case #43: 0 169151
Case #44: 0 41292
Case #45: 307 728
Case #46: 110 252
Case #47: 2806 1620
Case #48: 2111 1568
Case #49: 11 60
Case #50: 1089 5600
Case #51: 255 528
Case #52: 19 1620
Case #53: 34977 538109
Case #54: 326 686
Case #55: 48 150
Case #56: 14227 21125
Case #57: 89348 45108
Case #58: 4943 8640
Case #59: 2727 2916
Case #60: 135 168
Case #61: 7 112
Case #62: 100215 17120
Case #63: 7388 9120
Case #64: 33731 27060
Case #65: 0 145
Case #66: 90 120
Case #67: 783 462
Case #68: 106 5780
Case #69: 41 1125
Case #70: 1573 27664
Case #71: 29 405
Case #72: 2974 5400
Case #73: 1 334
Case #74: 162760 5660
Case #75: 57 125
Case #76: 898 660
Case #77: 11 1128
Case #78: 3217 2752
Case #79: 584 2700
Case #80: 60192 72306
Case #81: 76 3816
Case #82: 628 1155
Case #83: 50 144
Case #84: 1711 22506
Case #85: 3301 2090
Case #86: 7 72
Case #87: 116 100
Case #88: 3 78
Case #89: 7699 6952
Case #90: 13951 105336
Case #91: 867 5544
Case #92: 11141 10200
Case #93: 56 60
Case #94: 1847 1368
Case #95: 759 504
Case #96: 1690 1560
Case #97: 314 4158
Case #98: 2491 2220
Case #99: 744 1386
Case #100: 64 144
Case #101: 6 297
Case #102: 207 504
Case #103: 436676 11148
Case #104: 654 360
Case #105: 398 14168
Case #106: 1 798
Case #107: 108 216
Case #108: 360006 11788
Case #109: 39 32
Case #110: 1030 1496
Case #111: 13734 8448
Case #112: 140 200
Case #113: 215746 34020
Case #114: 2617 2596
Case #115: 20712 1600
Case #116: 189 2376
Case #117: 1088 1748
Case #118: 346 35623
